2026-01-09T09:37:46.546+08:00  INFO 16652 --- [store] [main] com.ken.store.StoreApplication           : Starting StoreApplication using Java 23.0.2 with PID 16652 (D:\CS\Java\Java_works\store-part-2\target\classes started by Meow5 in D:\CS\Java\Java_works\store-part-2)
2026-01-09T09:37:46.551+08:00 DEBUG 16652 --- [store] [main] com.ken.store.StoreApplication           : Running with Spring Boot v4.0.1, Spring v7.0.2
2026-01-09T09:37:46.552+08:00  INFO 16652 --- [store] [main] com.ken.store.StoreApplication           : No active profile set, falling back to 1 default profile: "default"
2026-01-09T09:37:48.920+08:00  INFO 16652 --- [store] [main] .s.d.r.c.RepositoryConfigurationDelegate : Bootstrapping Spring Data JPA repositories in DEFAULT mode.
2026-01-09T09:37:49.092+08:00  INFO 16652 --- [store] [main] .s.d.r.c.RepositoryConfigurationDelegate : Finished Spring Data repository scanning in 151 ms. Found 7 JPA repository interfaces.
2026-01-09T09:37:50.303+08:00  INFO 16652 --- [store] [main] o.s.boot.tomcat.TomcatWebServer          : Tomcat initialized with port 8080 (http)
2026-01-09T09:37:50.352+08:00  INFO 16652 --- [store] [main] o.apache.catalina.core.StandardService   : Starting service [Tomcat]
2026-01-09T09:37:50.355+08:00  INFO 16652 --- [store] [main] o.apache.catalina.core.StandardEngine    : Starting Servlet engine: [Apache Tomcat/11.0.15]
2026-01-09T09:37:50.518+08:00  INFO 16652 --- [store] [main] b.w.c.s.WebApplicationContextInitializer : Root WebApplicationContext: initialization completed in 3839 ms
2026-01-09T09:37:50.646+08:00 DEBUG 16652 --- [store] [main] c.k.s.filters.JwtAuthenticationFilter    : Filter 'jwtAuthenticationFilter' configured for use
2026-01-09T09:37:50.647+08:00 DEBUG 16652 --- [store] [main] com.ken.store.filters.LoggingFilter      : Filter 'loggingFilter' configured for use
2026-01-09T09:37:50.924+08:00  INFO 16652 --- [store] [main] com.zaxxer.hikari.HikariDataSource       : HikariPool-1 - Starting...
2026-01-09T09:37:51.875+08:00  INFO 16652 --- [store] [main] com.zaxxer.hikari.pool.HikariPool        : HikariPool-1 - Added connection com.mysql.cj.jdbc.ConnectionImpl@34e990cc
2026-01-09T09:37:51.882+08:00  INFO 16652 --- [store] [main] com.zaxxer.hikari.HikariDataSource       : HikariPool-1 - Start completed.
2026-01-09T09:37:52.039+08:00  INFO 16652 --- [store] [main] org.hibernate.orm.jpa                    : HHH008540: Processing PersistenceUnitInfo [name: default]
2026-01-09T09:37:52.251+08:00  INFO 16652 --- [store] [main] org.hibernate.orm.core                   : HHH000001: Hibernate ORM core version 7.2.0.Final
2026-01-09T09:37:53.129+08:00  INFO 16652 --- [store] [main] o.s.o.j.p.SpringPersistenceUnitInfo      : No LoadTimeWeaver setup: ignoring JPA class transformer
2026-01-09T09:37:53.383+08:00  INFO 16652 --- [store] [main] org.hibernate.orm.connections.pooling    : HHH10001005: Database info:
	Database JDBC URL [jdbc:mysql://localhost:3306/store_api?createDatabaseIfNotExist=true]
	Database driver: MySQL Connector/J
	Database dialect: MySQLDialect
	Database version: 8.0.44
	Default catalog/schema: store_api/undefined
	Autocommit mode: undefined/unknown
	Isolation level: REPEATABLE_READ [default REPEATABLE_READ]
	JDBC fetch size: none
	Pool: DataSourceConnectionProvider
	Minimum pool size: undefined/unknown
	Maximum pool size: undefined/unknown
2026-01-09T09:37:54.704+08:00  INFO 16652 --- [store] [main] org.hibernate.orm.core                   : HHH000489: No JTA platform available (set 'hibernate.transaction.jta.platform' to enable JTA platform integration)
2026-01-09T09:37:54.717+08:00  INFO 16652 --- [store] [main] j.LocalContainerEntityManagerFactoryBean : Initialized JPA EntityManagerFactory for persistence unit 'default'
2026-01-09T09:37:54.879+08:00  INFO 16652 --- [store] [main] o.s.d.j.r.query.QueryEnhancerFactories   : Hibernate is in classpath; If applicable, HQL parser will be used.
2026-01-09T09:37:55.272+08:00  INFO 16652 --- [store] [main] eAuthenticationProviderManagerConfigurer : Global AuthenticationManager configured with AuthenticationProvider bean with name authenticationProvider
2026-01-09T09:37:55.274+08:00  WARN 16652 --- [store] [main] r$InitializeUserDetailsManagerConfigurer : Global AuthenticationManager configured with an AuthenticationProvider bean. UserDetailsService beans will not be used by Spring Security for automatically configuring username/password login. Consider removing the AuthenticationProvider bean. Alternatively, consider using the UserDetailsService in a manually instantiated DaoAuthenticationProvider. If the current configuration is intentional, to turn off this warning, increase the logging level of 'org.springframework.security.config.annotation.authentication.configuration.InitializeUserDetailsBeanManagerConfigurer' to ERROR
2026-01-09T09:37:56.481+08:00  WARN 16652 --- [store] [main] JpaBaseConfiguration$JpaWebConfiguration : spring.jpa.open-in-view is enabled by default. Therefore, database queries may be performed during view rendering. Explicitly configure spring.jpa.open-in-view to disable this warning
2026-01-09T09:37:56.926+08:00  INFO 16652 --- [store] [main] o.s.b.w.a.WelcomePageHandlerMapping      : Adding welcome page template: index
2026-01-09T09:37:57.908+08:00  INFO 16652 --- [store] [main] o.s.boot.tomcat.TomcatWebServer          : Tomcat started on port 8080 (http) with context path '/'
2026-01-09T09:37:57.924+08:00  INFO 16652 --- [store] [main] com.ken.store.StoreApplication           : Started StoreApplication in 12.298 seconds (process running for 13.247)
2026-01-09T09:46:04.253+08:00  INFO 16440 --- [store] [main] com.ken.store.StoreApplication           : Starting StoreApplication using Java 23.0.2 with PID 16440 (D:\CS\Java\Java_works\store-part-2\target\classes started by Meow5 in D:\CS\Java\Java_works\store-part-2)
2026-01-09T09:46:04.263+08:00 DEBUG 16440 --- [store] [main] com.ken.store.StoreApplication           : Running with Spring Boot v4.0.1, Spring v7.0.2
2026-01-09T09:46:04.266+08:00  INFO 16440 --- [store] [main] com.ken.store.StoreApplication           : No active profile set, falling back to 1 default profile: "default"
2026-01-09T09:46:06.168+08:00  INFO 16440 --- [store] [main] .s.d.r.c.RepositoryConfigurationDelegate : Bootstrapping Spring Data JPA repositories in DEFAULT mode.
2026-01-09T09:46:06.335+08:00  INFO 16440 --- [store] [main] .s.d.r.c.RepositoryConfigurationDelegate : Finished Spring Data repository scanning in 132 ms. Found 7 JPA repository interfaces.
2026-01-09T09:46:07.363+08:00  INFO 16440 --- [store] [main] o.s.boot.tomcat.TomcatWebServer          : Tomcat initialized with port 8080 (http)
2026-01-09T09:46:07.391+08:00  INFO 16440 --- [store] [main] o.apache.catalina.core.StandardService   : Starting service [Tomcat]
2026-01-09T09:46:07.392+08:00  INFO 16440 --- [store] [main] o.apache.catalina.core.StandardEngine    : Starting Servlet engine: [Apache Tomcat/11.0.15]
2026-01-09T09:46:07.496+08:00  INFO 16440 --- [store] [main] b.w.c.s.WebApplicationContextInitializer : Root WebApplicationContext: initialization completed in 3023 ms
2026-01-09T09:46:07.590+08:00 DEBUG 16440 --- [store] [main] c.k.s.filters.JwtAuthenticationFilter    : Filter 'jwtAuthenticationFilter' configured for use
2026-01-09T09:46:07.590+08:00 DEBUG 16440 --- [store] [main] com.ken.store.filters.LoggingFilter      : Filter 'loggingFilter' configured for use
2026-01-09T09:46:07.785+08:00  INFO 16440 --- [store] [main] com.zaxxer.hikari.HikariDataSource       : HikariPool-1 - Starting...
2026-01-09T09:46:08.331+08:00  INFO 16440 --- [store] [main] com.zaxxer.hikari.pool.HikariPool        : HikariPool-1 - Added connection com.mysql.cj.jdbc.ConnectionImpl@731db93f
2026-01-09T09:46:08.334+08:00  INFO 16440 --- [store] [main] com.zaxxer.hikari.HikariDataSource       : HikariPool-1 - Start completed.
2026-01-09T09:46:08.385+08:00  INFO 16440 --- [store] [main] org.hibernate.orm.jpa                    : HHH008540: Processing PersistenceUnitInfo [name: default]
2026-01-09T09:46:08.521+08:00  INFO 16440 --- [store] [main] org.hibernate.orm.core                   : HHH000001: Hibernate ORM core version 7.2.0.Final
2026-01-09T09:46:09.240+08:00  INFO 16440 --- [store] [main] o.s.o.j.p.SpringPersistenceUnitInfo      : No LoadTimeWeaver setup: ignoring JPA class transformer
2026-01-09T09:46:09.384+08:00  INFO 16440 --- [store] [main] org.hibernate.orm.connections.pooling    : HHH10001005: Database info:
	Database JDBC URL [jdbc:mysql://localhost:3306/store_api?createDatabaseIfNotExist=true]
	Database driver: MySQL Connector/J
	Database dialect: MySQLDialect
	Database version: 8.0.44
	Default catalog/schema: store_api/undefined
	Autocommit mode: undefined/unknown
	Isolation level: REPEATABLE_READ [default REPEATABLE_READ]
	JDBC fetch size: none
	Pool: DataSourceConnectionProvider
	Minimum pool size: undefined/unknown
	Maximum pool size: undefined/unknown
2026-01-09T09:46:10.634+08:00  INFO 16440 --- [store] [main] org.hibernate.orm.core                   : HHH000489: No JTA platform available (set 'hibernate.transaction.jta.platform' to enable JTA platform integration)
2026-01-09T09:46:10.647+08:00  INFO 16440 --- [store] [main] j.LocalContainerEntityManagerFactoryBean : Initialized JPA EntityManagerFactory for persistence unit 'default'
2026-01-09T09:46:10.792+08:00  INFO 16440 --- [store] [main] o.s.d.j.r.query.QueryEnhancerFactories   : Hibernate is in classpath; If applicable, HQL parser will be used.
2026-01-09T09:46:11.177+08:00  INFO 16440 --- [store] [main] eAuthenticationProviderManagerConfigurer : Global AuthenticationManager configured with AuthenticationProvider bean with name authenticationProvider
2026-01-09T09:46:11.179+08:00  WARN 16440 --- [store] [main] r$InitializeUserDetailsManagerConfigurer : Global AuthenticationManager configured with an AuthenticationProvider bean. UserDetailsService beans will not be used by Spring Security for automatically configuring username/password login. Consider removing the AuthenticationProvider bean. Alternatively, consider using the UserDetailsService in a manually instantiated DaoAuthenticationProvider. If the current configuration is intentional, to turn off this warning, increase the logging level of 'org.springframework.security.config.annotation.authentication.configuration.InitializeUserDetailsBeanManagerConfigurer' to ERROR
2026-01-09T09:46:12.345+08:00  WARN 16440 --- [store] [main] JpaBaseConfiguration$JpaWebConfiguration : spring.jpa.open-in-view is enabled by default. Therefore, database queries may be performed during view rendering. Explicitly configure spring.jpa.open-in-view to disable this warning
2026-01-09T09:46:12.786+08:00  INFO 16440 --- [store] [main] o.s.b.w.a.WelcomePageHandlerMapping      : Adding welcome page template: index
2026-01-09T09:46:13.418+08:00  INFO 16440 --- [store] [main] o.s.boot.tomcat.TomcatWebServer          : Tomcat started on port 8080 (http) with context path '/'
2026-01-09T09:46:13.433+08:00  INFO 16440 --- [store] [main] com.ken.store.StoreApplication           : Started StoreApplication in 10.275 seconds (process running for 10.916)
2026-01-09T09:50:23.790+08:00  INFO 16440 --- [store] [http-nio-8080-exec-1] o.a.c.c.C.[Tomcat].[localhost].[/]       : Initializing Spring DispatcherServlet 'dispatcherServlet'
2026-01-09T09:50:23.791+08:00  INFO 16440 --- [store] [http-nio-8080-exec-1] o.s.web.servlet.DispatcherServlet        : Initializing Servlet 'dispatcherServlet'
2026-01-09T09:50:23.793+08:00  INFO 16440 --- [store] [http-nio-8080-exec-1] o.s.web.servlet.DispatcherServlet        : Completed initialization in 2 ms
2026-01-09T09:50:24.313+08:00 DEBUG 16440 --- [store] [http-nio-8080-exec-2] org.hibernate.SQL                        : select o1_0.id,o1_0.created_at,c1_0.id,c1_0.email,c1_0.name,c1_0.password,c1_0.role,o1_0.status,o1_0.total_price from orders o1_0 left join users c1_0 on c1_0.id=o1_0.customer_id where o1_0.id=?
2026-01-09T09:50:24.442+08:00 DEBUG 16440 --- [store] [http-nio-8080-exec-2] org.hibernate.SQL                        : update orders set customer_id=?,status=?,total_price=? where id=?
2026-01-09T10:55:29.552+08:00  INFO 7824 --- [store] [main] com.ken.store.StoreApplication           : Starting StoreApplication using Java 23.0.2 with PID 7824 (D:\CS\Java\Java_works\store-part-2\target\classes started by Meow5 in D:\CS\Java\Java_works\store-part-2)
2026-01-09T10:55:29.645+08:00 DEBUG 7824 --- [store] [main] com.ken.store.StoreApplication           : Running with Spring Boot v4.0.1, Spring v7.0.2
2026-01-09T10:55:29.651+08:00  INFO 7824 --- [store] [main] com.ken.store.StoreApplication           : No active profile set, falling back to 1 default profile: "default"
2026-01-09T10:55:32.307+08:00  INFO 7824 --- [store] [main] .s.d.r.c.RepositoryConfigurationDelegate : Bootstrapping Spring Data JPA repositories in DEFAULT mode.
2026-01-09T10:55:32.458+08:00  INFO 7824 --- [store] [main] .s.d.r.c.RepositoryConfigurationDelegate : Finished Spring Data repository scanning in 137 ms. Found 7 JPA repository interfaces.
2026-01-09T10:55:33.851+08:00  INFO 7824 --- [store] [main] o.s.boot.tomcat.TomcatWebServer          : Tomcat initialized with port 8080 (http)
2026-01-09T10:55:33.891+08:00  INFO 7824 --- [store] [main] o.apache.catalina.core.StandardService   : Starting service [Tomcat]
2026-01-09T10:55:33.891+08:00  INFO 7824 --- [store] [main] o.apache.catalina.core.StandardEngine    : Starting Servlet engine: [Apache Tomcat/11.0.15]
2026-01-09T10:55:34.152+08:00  INFO 7824 --- [store] [main] b.w.c.s.WebApplicationContextInitializer : Root WebApplicationContext: initialization completed in 4260 ms
2026-01-09T10:55:34.598+08:00 DEBUG 7824 --- [store] [main] c.k.s.filters.JwtAuthenticationFilter    : Filter 'jwtAuthenticationFilter' configured for use
2026-01-09T10:55:34.598+08:00 DEBUG 7824 --- [store] [main] com.ken.store.filters.LoggingFilter      : Filter 'loggingFilter' configured for use
2026-01-09T10:55:34.873+08:00  INFO 7824 --- [store] [main] com.zaxxer.hikari.HikariDataSource       : HikariPool-1 - Starting...
2026-01-09T10:55:36.300+08:00  INFO 7824 --- [store] [main] com.zaxxer.hikari.pool.HikariPool        : HikariPool-1 - Added connection com.mysql.cj.jdbc.ConnectionImpl@731db93f
2026-01-09T10:55:36.303+08:00  INFO 7824 --- [store] [main] com.zaxxer.hikari.HikariDataSource       : HikariPool-1 - Start completed.
2026-01-09T10:55:36.411+08:00  INFO 7824 --- [store] [main] org.hibernate.orm.jpa                    : HHH008540: Processing PersistenceUnitInfo [name: default]
2026-01-09T10:55:36.554+08:00  INFO 7824 --- [store] [main] org.hibernate.orm.core                   : HHH000001: Hibernate ORM core version 7.2.0.Final
2026-01-09T10:55:37.164+08:00  INFO 7824 --- [store] [main] o.s.o.j.p.SpringPersistenceUnitInfo      : No LoadTimeWeaver setup: ignoring JPA class transformer
2026-01-09T10:55:37.306+08:00  INFO 7824 --- [store] [main] org.hibernate.orm.connections.pooling    : HHH10001005: Database info:
	Database JDBC URL [jdbc:mysql://localhost:3306/store_api?createDatabaseIfNotExist=true]
	Database driver: MySQL Connector/J
	Database dialect: MySQLDialect
	Database version: 8.0.44
	Default catalog/schema: store_api/undefined
	Autocommit mode: undefined/unknown
	Isolation level: REPEATABLE_READ [default REPEATABLE_READ]
	JDBC fetch size: none
	Pool: DataSourceConnectionProvider
	Minimum pool size: undefined/unknown
	Maximum pool size: undefined/unknown
2026-01-09T10:55:38.470+08:00  INFO 7824 --- [store] [main] org.hibernate.orm.core                   : HHH000489: No JTA platform available (set 'hibernate.transaction.jta.platform' to enable JTA platform integration)
2026-01-09T10:55:38.479+08:00  INFO 7824 --- [store] [main] j.LocalContainerEntityManagerFactoryBean : Initialized JPA EntityManagerFactory for persistence unit 'default'
2026-01-09T10:55:38.639+08:00  INFO 7824 --- [store] [main] o.s.d.j.r.query.QueryEnhancerFactories   : Hibernate is in classpath; If applicable, HQL parser will be used.
2026-01-09T10:55:39.016+08:00  INFO 7824 --- [store] [main] eAuthenticationProviderManagerConfigurer : Global AuthenticationManager configured with AuthenticationProvider bean with name authenticationProvider
2026-01-09T10:55:39.018+08:00  WARN 7824 --- [store] [main] r$InitializeUserDetailsManagerConfigurer : Global AuthenticationManager configured with an AuthenticationProvider bean. UserDetailsService beans will not be used by Spring Security for automatically configuring username/password login. Consider removing the AuthenticationProvider bean. Alternatively, consider using the UserDetailsService in a manually instantiated DaoAuthenticationProvider. If the current configuration is intentional, to turn off this warning, increase the logging level of 'org.springframework.security.config.annotation.authentication.configuration.InitializeUserDetailsBeanManagerConfigurer' to ERROR
2026-01-09T10:55:40.172+08:00  WARN 7824 --- [store] [main] JpaBaseConfiguration$JpaWebConfiguration : spring.jpa.open-in-view is enabled by default. Therefore, database queries may be performed during view rendering. Explicitly configure spring.jpa.open-in-view to disable this warning
2026-01-09T10:55:40.553+08:00  INFO 7824 --- [store] [main] o.s.b.w.a.WelcomePageHandlerMapping      : Adding welcome page template: index
2026-01-09T10:55:41.143+08:00  INFO 7824 --- [store] [main] o.s.boot.tomcat.TomcatWebServer          : Tomcat started on port 8080 (http) with context path '/'
2026-01-09T10:55:41.153+08:00  INFO 7824 --- [store] [main] com.ken.store.StoreApplication           : Started StoreApplication in 12.847 seconds (process running for 13.798)
2026-01-09T10:57:10.554+08:00  INFO 7824 --- [store] [http-nio-8080-exec-1] o.a.c.c.C.[Tomcat].[localhost].[/]       : Initializing Spring DispatcherServlet 'dispatcherServlet'
2026-01-09T10:57:10.555+08:00  INFO 7824 --- [store] [http-nio-8080-exec-1] o.s.web.servlet.DispatcherServlet        : Initializing Servlet 'dispatcherServlet'
2026-01-09T10:57:10.557+08:00  INFO 7824 --- [store] [http-nio-8080-exec-1] o.s.web.servlet.DispatcherServlet        : Completed initialization in 2 ms
2026-01-09T10:57:11.073+08:00 DEBUG 7824 --- [store] [http-nio-8080-exec-3] org.hibernate.SQL                        : select o1_0.id,o1_0.created_at,c1_0.id,c1_0.email,c1_0.name,c1_0.password,c1_0.role,o1_0.status,o1_0.total_price from orders o1_0 left join users c1_0 on c1_0.id=o1_0.customer_id where o1_0.id=?
2026-01-09T10:57:11.156+08:00 DEBUG 7824 --- [store] [http-nio-8080-exec-3] org.hibernate.SQL                        : update orders set customer_id=?,status=?,total_price=? where id=?
2026-01-09T10:57:31.708+08:00 DEBUG 7824 --- [store] [http-nio-8080-exec-5] org.hibernate.SQL                        : select o1_0.id,o1_0.created_at,c1_0.id,c1_0.email,c1_0.name,c1_0.password,c1_0.role,o1_0.status,o1_0.total_price from orders o1_0 left join users c1_0 on c1_0.id=o1_0.customer_id where o1_0.id=?
2026-01-09T10:57:31.716+08:00 DEBUG 7824 --- [store] [http-nio-8080-exec-5] org.hibernate.SQL                        : update orders set customer_id=?,status=?,total_price=? where id=?
2026-01-09T11:53:31.002+08:00  INFO 7308 --- [store] [main] com.ken.store.StoreApplication           : Starting StoreApplication using Java 23.0.2 with PID 7308 (D:\CS\Java\Java_works\store-part-2\target\classes started by Meow5 in D:\CS\Java\Java_works\store-part-2)
2026-01-09T11:53:31.101+08:00 DEBUG 7308 --- [store] [main] com.ken.store.StoreApplication           : Running with Spring Boot v4.0.1, Spring v7.0.2
2026-01-09T11:53:31.104+08:00  INFO 7308 --- [store] [main] com.ken.store.StoreApplication           : No active profile set, falling back to 1 default profile: "default"
2026-01-09T11:53:32.877+08:00  INFO 7308 --- [store] [main] .s.d.r.c.RepositoryConfigurationDelegate : Bootstrapping Spring Data JPA repositories in DEFAULT mode.
2026-01-09T11:53:33.001+08:00  INFO 7308 --- [store] [main] .s.d.r.c.RepositoryConfigurationDelegate : Finished Spring Data repository scanning in 112 ms. Found 7 JPA repository interfaces.
2026-01-09T11:53:33.997+08:00  INFO 7308 --- [store] [main] o.s.boot.tomcat.TomcatWebServer          : Tomcat initialized with port 8080 (http)
2026-01-09T11:53:34.026+08:00  INFO 7308 --- [store] [main] o.apache.catalina.core.StandardService   : Starting service [Tomcat]
2026-01-09T11:53:34.027+08:00  INFO 7308 --- [store] [main] o.apache.catalina.core.StandardEngine    : Starting Servlet engine: [Apache Tomcat/11.0.15]
2026-01-09T11:53:34.179+08:00  INFO 7308 --- [store] [main] b.w.c.s.WebApplicationContextInitializer : Root WebApplicationContext: initialization completed in 2880 ms
2026-01-09T11:53:34.306+08:00 DEBUG 7308 --- [store] [main] c.k.s.filters.JwtAuthenticationFilter    : Filter 'jwtAuthenticationFilter' configured for use
2026-01-09T11:53:34.306+08:00 DEBUG 7308 --- [store] [main] com.ken.store.filters.LoggingFilter      : Filter 'loggingFilter' configured for use
2026-01-09T11:53:34.544+08:00  INFO 7308 --- [store] [main] com.zaxxer.hikari.HikariDataSource       : HikariPool-1 - Starting...
2026-01-09T11:53:35.051+08:00  INFO 7308 --- [store] [main] com.zaxxer.hikari.pool.HikariPool        : HikariPool-1 - Added connection com.mysql.cj.jdbc.ConnectionImpl@1186374c
2026-01-09T11:53:35.051+08:00  INFO 7308 --- [store] [main] com.zaxxer.hikari.HikariDataSource       : HikariPool-1 - Start completed.
2026-01-09T11:53:35.148+08:00  INFO 7308 --- [store] [main] org.hibernate.orm.jpa                    : HHH008540: Processing PersistenceUnitInfo [name: default]
2026-01-09T11:53:35.302+08:00  INFO 7308 --- [store] [main] org.hibernate.orm.core                   : HHH000001: Hibernate ORM core version 7.2.0.Final
2026-01-09T11:53:35.964+08:00  INFO 7308 --- [store] [main] o.s.o.j.p.SpringPersistenceUnitInfo      : No LoadTimeWeaver setup: ignoring JPA class transformer
2026-01-09T11:53:36.138+08:00  INFO 7308 --- [store] [main] org.hibernate.orm.connections.pooling    : HHH10001005: Database info:
	Database JDBC URL [jdbc:mysql://localhost:3306/store_api?createDatabaseIfNotExist=true]
	Database driver: MySQL Connector/J
	Database dialect: MySQLDialect
	Database version: 8.0.44
	Default catalog/schema: store_api/undefined
	Autocommit mode: undefined/unknown
	Isolation level: REPEATABLE_READ [default REPEATABLE_READ]
	JDBC fetch size: none
	Pool: DataSourceConnectionProvider
	Minimum pool size: undefined/unknown
	Maximum pool size: undefined/unknown
2026-01-09T11:53:37.312+08:00  INFO 7308 --- [store] [main] org.hibernate.orm.core                   : HHH000489: No JTA platform available (set 'hibernate.transaction.jta.platform' to enable JTA platform integration)
2026-01-09T11:53:37.325+08:00  INFO 7308 --- [store] [main] j.LocalContainerEntityManagerFactoryBean : Initialized JPA EntityManagerFactory for persistence unit 'default'
2026-01-09T11:53:37.467+08:00  INFO 7308 --- [store] [main] o.s.d.j.r.query.QueryEnhancerFactories   : Hibernate is in classpath; If applicable, HQL parser will be used.
2026-01-09T11:53:37.802+08:00  INFO 7308 --- [store] [main] eAuthenticationProviderManagerConfigurer : Global AuthenticationManager configured with AuthenticationProvider bean with name authenticationProvider
2026-01-09T11:53:37.804+08:00  WARN 7308 --- [store] [main] r$InitializeUserDetailsManagerConfigurer : Global AuthenticationManager configured with an AuthenticationProvider bean. UserDetailsService beans will not be used by Spring Security for automatically configuring username/password login. Consider removing the AuthenticationProvider bean. Alternatively, consider using the UserDetailsService in a manually instantiated DaoAuthenticationProvider. If the current configuration is intentional, to turn off this warning, increase the logging level of 'org.springframework.security.config.annotation.authentication.configuration.InitializeUserDetailsBeanManagerConfigurer' to ERROR
2026-01-09T11:53:38.814+08:00  WARN 7308 --- [store] [main] JpaBaseConfiguration$JpaWebConfiguration : spring.jpa.open-in-view is enabled by default. Therefore, database queries may be performed during view rendering. Explicitly configure spring.jpa.open-in-view to disable this warning
2026-01-09T11:53:39.202+08:00  INFO 7308 --- [store] [main] o.s.b.w.a.WelcomePageHandlerMapping      : Adding welcome page template: index
2026-01-09T11:53:39.735+08:00  INFO 7308 --- [store] [main] o.s.boot.tomcat.TomcatWebServer          : Tomcat started on port 8080 (http) with context path '/'
2026-01-09T11:53:39.745+08:00  INFO 7308 --- [store] [main] com.ken.store.StoreApplication           : Started StoreApplication in 9.827 seconds (process running for 10.561)
2026-01-09T11:53:45.647+08:00  INFO 7308 --- [store] [SpringApplicationShutdownHook] o.s.boot.tomcat.GracefulShutdown         : Commencing graceful shutdown. Waiting for active requests to complete
2026-01-09T11:53:45.676+08:00  INFO 7308 --- [store] [tomcat-shutdown] o.s.boot.tomcat.GracefulShutdown         : Graceful shutdown complete
2026-01-09T11:53:45.692+08:00  INFO 7308 --- [store] [SpringApplicationShutdownHook] j.LocalContainerEntityManagerFactoryBean : Closing JPA EntityManagerFactory for persistence unit 'default'
2026-01-09T11:53:45.699+08:00  INFO 7308 --- [store] [SpringApplicationShutdownHook] com.zaxxer.hikari.HikariDataSource       : HikariPool-1 - Shutdown initiated...
2026-01-09T11:53:45.725+08:00  INFO 7308 --- [store] [SpringApplicationShutdownHook] com.zaxxer.hikari.HikariDataSource       : HikariPool-1 - Shutdown completed.
2026-01-09T13:44:40.865+08:00  INFO 11892 --- [store] [main] com.ken.store.StoreApplication           : Starting StoreApplication using Java 23.0.2 with PID 11892 (D:\CS\Java\Java_works\store-part-2\target\classes started by Meow5 in D:\CS\Java\Java_works\store-part-2)
2026-01-09T13:44:40.871+08:00 DEBUG 11892 --- [store] [main] com.ken.store.StoreApplication           : Running with Spring Boot v4.0.1, Spring v7.0.2
2026-01-09T13:44:40.873+08:00  INFO 11892 --- [store] [main] com.ken.store.StoreApplication           : No active profile set, falling back to 1 default profile: "default"
2026-01-09T13:44:41.551+08:00  WARN 11892 --- [store] [main] ConfigServletWebServerApplicationContext : Exception encountered during context initialization - cancelling refresh attempt: org.springframework.beans.factory.BeanDefinitionStoreException: Failed to parse configuration class [com.ken.store.StoreApplication]
2026-01-09T13:44:41.979+08:00 ERROR 11892 --- [store] [main] o.s.boot.SpringApplication               : Application run failed

org.springframework.beans.factory.BeanDefinitionStoreException: Failed to parse configuration class [com.ken.store.StoreApplication]
	at org.springframework.context.annotation.ConfigurationClassParser.parse(ConfigurationClassParser.java:196) ~[spring-context-7.0.2.jar:7.0.2]
	at org.springframework.context.annotation.ConfigurationClassPostProcessor.processConfigBeanDefinitions(ConfigurationClassPostProcessor.java:446) ~[spring-context-7.0.2.jar:7.0.2]
	at org.springframework.context.annotation.ConfigurationClassPostProcessor.postProcessBeanDefinitionRegistry(ConfigurationClassPostProcessor.java:310) ~[spring-context-7.0.2.jar:7.0.2]
	at org.springframework.context.support.PostProcessorRegistrationDelegate.invokeBeanDefinitionRegistryPostProcessors(PostProcessorRegistrationDelegate.java:349) ~[spring-context-7.0.2.jar:7.0.2]
	at org.springframework.context.support.PostProcessorRegistrationDelegate.invokeBeanFactoryPostProcessors(PostProcessorRegistrationDelegate.java:118) ~[spring-context-7.0.2.jar:7.0.2]
	at org.springframework.context.support.AbstractApplicationContext.invokeBeanFactoryPostProcessors(AbstractApplicationContext.java:794) ~[spring-context-7.0.2.jar:7.0.2]
	at org.springframework.context.support.AbstractApplicationContext.refresh(AbstractApplicationContext.java:602) ~[spring-context-7.0.2.jar:7.0.2]
	at org.springframework.boot.web.server.servlet.context.ServletWebServerApplicationContext.refresh(ServletWebServerApplicationContext.java:143) ~[spring-boot-web-server-4.0.1.jar:4.0.1]
	at org.springframework.boot.SpringApplication.refresh(SpringApplication.java:756) ~[spring-boot-4.0.1.jar:4.0.1]
	at org.springframework.boot.SpringApplication.refreshContext(SpringApplication.java:445) ~[spring-boot-4.0.1.jar:4.0.1]
	at org.springframework.boot.SpringApplication.run(SpringApplication.java:321) ~[spring-boot-4.0.1.jar:4.0.1]
	at org.springframework.boot.SpringApplication.run(SpringApplication.java:1365) ~[spring-boot-4.0.1.jar:4.0.1]
	at org.springframework.boot.SpringApplication.run(SpringApplication.java:1354) ~[spring-boot-4.0.1.jar:4.0.1]
	at com.ken.store.StoreApplication.main(StoreApplication.java:10) ~[classes/:na]
Caused by: org.springframework.context.annotation.ConflictingBeanDefinitionException: Annotation-specified bean name 'cartMapperImpl' for bean class [com.ken.store.mappers.CartMapperImpl] conflicts with existing, non-compatible bean definition of same name and class [com.ken.store.carts.mappers.CartMapperImpl]
	at org.springframework.context.annotation.ClassPathBeanDefinitionScanner.checkCandidate(ClassPathBeanDefinitionScanner.java:360) ~[spring-context-7.0.2.jar:7.0.2]
	at org.springframework.context.annotation.ClassPathBeanDefinitionScanner.doScan(ClassPathBeanDefinitionScanner.java:287) ~[spring-context-7.0.2.jar:7.0.2]
	at org.springframework.context.annotation.ComponentScanAnnotationParser.parse(ComponentScanAnnotationParser.java:128) ~[spring-context-7.0.2.jar:7.0.2]
	at org.springframework.context.annotation.ConfigurationClassParser.doProcessConfigurationClass(ConfigurationClassParser.java:347) ~[spring-context-7.0.2.jar:7.0.2]
	at org.springframework.context.annotation.ConfigurationClassParser.processConfigurationClass(ConfigurationClassParser.java:283) ~[spring-context-7.0.2.jar:7.0.2]
	at org.springframework.context.annotation.ConfigurationClassParser.parse(ConfigurationClassParser.java:206) ~[spring-context-7.0.2.jar:7.0.2]
	at org.springframework.context.annotation.ConfigurationClassParser.parse(ConfigurationClassParser.java:174) ~[spring-context-7.0.2.jar:7.0.2]
	... 13 common frames omitted

2026-01-09T13:47:30.598+08:00  INFO 19280 --- [store] [main] com.ken.store.StoreApplication           : Starting StoreApplication using Java 23.0.2 with PID 19280 (D:\CS\Java\Java_works\store-part-2\target\classes started by Meow5 in D:\CS\Java\Java_works\store-part-2)
2026-01-09T13:47:30.607+08:00 DEBUG 19280 --- [store] [main] com.ken.store.StoreApplication           : Running with Spring Boot v4.0.1, Spring v7.0.2
2026-01-09T13:47:30.608+08:00  INFO 19280 --- [store] [main] com.ken.store.StoreApplication           : No active profile set, falling back to 1 default profile: "default"
2026-01-09T13:47:32.271+08:00  INFO 19280 --- [store] [main] .s.d.r.c.RepositoryConfigurationDelegate : Bootstrapping Spring Data JPA repositories in DEFAULT mode.
2026-01-09T13:47:32.401+08:00  INFO 19280 --- [store] [main] .s.d.r.c.RepositoryConfigurationDelegate : Finished Spring Data repository scanning in 117 ms. Found 7 JPA repository interfaces.
2026-01-09T13:47:33.358+08:00  INFO 19280 --- [store] [main] o.s.boot.tomcat.TomcatWebServer          : Tomcat initialized with port 8080 (http)
2026-01-09T13:47:33.399+08:00  INFO 19280 --- [store] [main] o.apache.catalina.core.StandardService   : Starting service [Tomcat]
2026-01-09T13:47:33.407+08:00  INFO 19280 --- [store] [main] o.apache.catalina.core.StandardEngine    : Starting Servlet engine: [Apache Tomcat/11.0.15]
2026-01-09T13:47:33.593+08:00  INFO 19280 --- [store] [main] b.w.c.s.WebApplicationContextInitializer : Root WebApplicationContext: initialization completed in 2881 ms
2026-01-09T13:47:33.778+08:00 DEBUG 19280 --- [store] [main] c.k.s.a.filters.JwtAuthenticationFilter  : Filter 'jwtAuthenticationFilter' configured for use
2026-01-09T13:47:33.779+08:00 DEBUG 19280 --- [store] [main] com.ken.store.filters.LoggingFilter      : Filter 'loggingFilter' configured for use
2026-01-09T13:47:33.968+08:00  INFO 19280 --- [store] [main] com.zaxxer.hikari.HikariDataSource       : HikariPool-1 - Starting...
2026-01-09T13:47:34.463+08:00  INFO 19280 --- [store] [main] com.zaxxer.hikari.pool.HikariPool        : HikariPool-1 - Added connection com.mysql.cj.jdbc.ConnectionImpl@16c5b50a
2026-01-09T13:47:34.466+08:00  INFO 19280 --- [store] [main] com.zaxxer.hikari.HikariDataSource       : HikariPool-1 - Start completed.
2026-01-09T13:47:34.563+08:00  INFO 19280 --- [store] [main] org.hibernate.orm.jpa                    : HHH008540: Processing PersistenceUnitInfo [name: default]
2026-01-09T13:47:34.692+08:00  INFO 19280 --- [store] [main] org.hibernate.orm.core                   : HHH000001: Hibernate ORM core version 7.2.0.Final
2026-01-09T13:47:35.267+08:00  INFO 19280 --- [store] [main] o.s.o.j.p.SpringPersistenceUnitInfo      : No LoadTimeWeaver setup: ignoring JPA class transformer
2026-01-09T13:47:35.414+08:00  INFO 19280 --- [store] [main] org.hibernate.orm.connections.pooling    : HHH10001005: Database info:
	Database JDBC URL [jdbc:mysql://localhost:3306/store_api?createDatabaseIfNotExist=true]
	Database driver: MySQL Connector/J
	Database dialect: MySQLDialect
	Database version: 8.0.44
	Default catalog/schema: store_api/undefined
	Autocommit mode: undefined/unknown
	Isolation level: REPEATABLE_READ [default REPEATABLE_READ]
	JDBC fetch size: none
	Pool: DataSourceConnectionProvider
	Minimum pool size: undefined/unknown
	Maximum pool size: undefined/unknown
2026-01-09T13:47:36.497+08:00  INFO 19280 --- [store] [main] org.hibernate.orm.core                   : HHH000489: No JTA platform available (set 'hibernate.transaction.jta.platform' to enable JTA platform integration)
2026-01-09T13:47:36.507+08:00  INFO 19280 --- [store] [main] j.LocalContainerEntityManagerFactoryBean : Initialized JPA EntityManagerFactory for persistence unit 'default'
2026-01-09T13:47:36.658+08:00  INFO 19280 --- [store] [main] o.s.d.j.r.query.QueryEnhancerFactories   : Hibernate is in classpath; If applicable, HQL parser will be used.
2026-01-09T13:47:36.891+08:00  INFO 19280 --- [store] [main] eAuthenticationProviderManagerConfigurer : Global AuthenticationManager configured with AuthenticationProvider bean with name authenticationProvider
2026-01-09T13:47:36.891+08:00  WARN 19280 --- [store] [main] r$InitializeUserDetailsManagerConfigurer : Global AuthenticationManager configured with an AuthenticationProvider bean. UserDetailsService beans will not be used by Spring Security for automatically configuring username/password login. Consider removing the AuthenticationProvider bean. Alternatively, consider using the UserDetailsService in a manually instantiated DaoAuthenticationProvider. If the current configuration is intentional, to turn off this warning, increase the logging level of 'org.springframework.security.config.annotation.authentication.configuration.InitializeUserDetailsBeanManagerConfigurer' to ERROR
2026-01-09T13:47:37.824+08:00  WARN 19280 --- [store] [main] JpaBaseConfiguration$JpaWebConfiguration : spring.jpa.open-in-view is enabled by default. Therefore, database queries may be performed during view rendering. Explicitly configure spring.jpa.open-in-view to disable this warning
2026-01-09T13:47:38.131+08:00  INFO 19280 --- [store] [main] o.s.b.w.a.WelcomePageHandlerMapping      : Adding welcome page template: index
2026-01-09T13:47:38.815+08:00  INFO 19280 --- [store] [main] o.s.boot.tomcat.TomcatWebServer          : Tomcat started on port 8080 (http) with context path '/'
2026-01-09T13:47:38.825+08:00  INFO 19280 --- [store] [main] com.ken.store.StoreApplication           : Started StoreApplication in 8.9 seconds (process running for 9.373)
2026-01-09T14:49:57.723+08:00  INFO 20344 --- [store] [main] com.ken.store.StoreApplication           : Starting StoreApplication using Java 23.0.2 with PID 20344 (D:\CS\Java\Java_works\store-part-2\target\classes started by Meow5 in D:\CS\Java\Java_works\store-part-2)
2026-01-09T14:49:57.731+08:00 DEBUG 20344 --- [store] [main] com.ken.store.StoreApplication           : Running with Spring Boot v4.0.1, Spring v7.0.2
2026-01-09T14:49:57.735+08:00  INFO 20344 --- [store] [main] com.ken.store.StoreApplication           : No active profile set, falling back to 1 default profile: "default"
2026-01-09T14:49:59.678+08:00  INFO 20344 --- [store] [main] .s.d.r.c.RepositoryConfigurationDelegate : Bootstrapping Spring Data JPA repositories in DEFAULT mode.
2026-01-09T14:49:59.873+08:00  INFO 20344 --- [store] [main] .s.d.r.c.RepositoryConfigurationDelegate : Finished Spring Data repository scanning in 159 ms. Found 7 JPA repository interfaces.
2026-01-09T14:50:00.890+08:00  INFO 20344 --- [store] [main] o.s.boot.tomcat.TomcatWebServer          : Tomcat initialized with port 8080 (http)
2026-01-09T14:50:00.922+08:00  INFO 20344 --- [store] [main] o.apache.catalina.core.StandardService   : Starting service [Tomcat]
2026-01-09T14:50:00.924+08:00  INFO 20344 --- [store] [main] o.apache.catalina.core.StandardEngine    : Starting Servlet engine: [Apache Tomcat/11.0.15]
2026-01-09T14:50:01.105+08:00  INFO 20344 --- [store] [main] b.w.c.s.WebApplicationContextInitializer : Root WebApplicationContext: initialization completed in 3155 ms
2026-01-09T14:50:01.258+08:00 DEBUG 20344 --- [store] [main] c.k.s.a.filters.JwtAuthenticationFilter  : Filter 'jwtAuthenticationFilter' configured for use
2026-01-09T14:50:01.259+08:00 DEBUG 20344 --- [store] [main] c.k.store.common.filters.LoggingFilter   : Filter 'loggingFilter' configured for use
2026-01-09T14:50:01.479+08:00  INFO 20344 --- [store] [main] com.zaxxer.hikari.HikariDataSource       : HikariPool-1 - Starting...
2026-01-09T14:50:02.334+08:00  INFO 20344 --- [store] [main] com.zaxxer.hikari.pool.HikariPool        : HikariPool-1 - Added connection com.mysql.cj.jdbc.ConnectionImpl@731db93f
2026-01-09T14:50:02.339+08:00  INFO 20344 --- [store] [main] com.zaxxer.hikari.HikariDataSource       : HikariPool-1 - Start completed.
2026-01-09T14:50:02.492+08:00  INFO 20344 --- [store] [main] org.hibernate.orm.jpa                    : HHH008540: Processing PersistenceUnitInfo [name: default]
2026-01-09T14:50:02.744+08:00  INFO 20344 --- [store] [main] org.hibernate.orm.core                   : HHH000001: Hibernate ORM core version 7.2.0.Final
2026-01-09T14:50:03.365+08:00  INFO 20344 --- [store] [main] o.s.o.j.p.SpringPersistenceUnitInfo      : No LoadTimeWeaver setup: ignoring JPA class transformer
2026-01-09T14:50:03.512+08:00  INFO 20344 --- [store] [main] org.hibernate.orm.connections.pooling    : HHH10001005: Database info:
	Database JDBC URL [jdbc:mysql://localhost:3306/store_api?createDatabaseIfNotExist=true]
	Database driver: MySQL Connector/J
	Database dialect: MySQLDialect
	Database version: 8.0.44
	Default catalog/schema: store_api/undefined
	Autocommit mode: undefined/unknown
	Isolation level: REPEATABLE_READ [default REPEATABLE_READ]
	JDBC fetch size: none
	Pool: DataSourceConnectionProvider
	Minimum pool size: undefined/unknown
	Maximum pool size: undefined/unknown
2026-01-09T14:50:04.765+08:00  INFO 20344 --- [store] [main] org.hibernate.orm.core                   : HHH000489: No JTA platform available (set 'hibernate.transaction.jta.platform' to enable JTA platform integration)
2026-01-09T14:50:04.777+08:00  INFO 20344 --- [store] [main] j.LocalContainerEntityManagerFactoryBean : Initialized JPA EntityManagerFactory for persistence unit 'default'
2026-01-09T14:50:04.966+08:00  INFO 20344 --- [store] [main] o.s.d.j.r.query.QueryEnhancerFactories   : Hibernate is in classpath; If applicable, HQL parser will be used.
2026-01-09T14:50:05.267+08:00  INFO 20344 --- [store] [main] eAuthenticationProviderManagerConfigurer : Global AuthenticationManager configured with AuthenticationProvider bean with name authenticationProvider
2026-01-09T14:50:05.267+08:00  WARN 20344 --- [store] [main] r$InitializeUserDetailsManagerConfigurer : Global AuthenticationManager configured with an AuthenticationProvider bean. UserDetailsService beans will not be used by Spring Security for automatically configuring username/password login. Consider removing the AuthenticationProvider bean. Alternatively, consider using the UserDetailsService in a manually instantiated DaoAuthenticationProvider. If the current configuration is intentional, to turn off this warning, increase the logging level of 'org.springframework.security.config.annotation.authentication.configuration.InitializeUserDetailsBeanManagerConfigurer' to ERROR
2026-01-09T14:50:07.369+08:00  WARN 20344 --- [store] [main] JpaBaseConfiguration$JpaWebConfiguration : spring.jpa.open-in-view is enabled by default. Therefore, database queries may be performed during view rendering. Explicitly configure spring.jpa.open-in-view to disable this warning
2026-01-09T14:50:07.848+08:00  INFO 20344 --- [store] [main] o.s.b.w.a.WelcomePageHandlerMapping      : Adding welcome page template: index
2026-01-09T14:50:08.795+08:00  INFO 20344 --- [store] [main] o.s.boot.tomcat.TomcatWebServer          : Tomcat started on port 8080 (http) with context path '/'
2026-01-09T14:50:08.803+08:00  INFO 20344 --- [store] [main] com.ken.store.StoreApplication           : Started StoreApplication in 11.798 seconds (process running for 12.311)
2026-01-09T14:50:33.206+08:00  INFO 20344 --- [store] [http-nio-8080-exec-2] o.a.c.c.C.[Tomcat].[localhost].[/]       : Initializing Spring DispatcherServlet 'dispatcherServlet'
2026-01-09T14:50:33.206+08:00  INFO 20344 --- [store] [http-nio-8080-exec-2] o.s.web.servlet.DispatcherServlet        : Initializing Servlet 'dispatcherServlet'
2026-01-09T14:50:33.206+08:00  INFO 20344 --- [store] [http-nio-8080-exec-2] o.s.web.servlet.DispatcherServlet        : Completed initialization in 0 ms
2026-01-09T14:50:43.019+08:00 DEBUG 20344 --- [store] [http-nio-8080-exec-4] org.hibernate.SQL                        : select u1_0.id,u1_0.email,u1_0.name,u1_0.password,u1_0.role from users u1_0 where u1_0.email=?
2026-01-09T14:50:43.185+08:00 DEBUG 20344 --- [store] [http-nio-8080-exec-4] org.hibernate.SQL                        : select u1_0.id,u1_0.email,u1_0.name,u1_0.password,u1_0.role from users u1_0 where u1_0.email=?
2026-01-09T14:50:54.129+08:00 DEBUG 20344 --- [store] [http-nio-8080-exec-6] org.hibernate.SQL                        : select u1_0.id,u1_0.email,u1_0.name,u1_0.password,u1_0.role from users u1_0 order by u1_0.name
2026-01-09T14:51:14.093+08:00 DEBUG 20344 --- [store] [http-nio-8080-exec-8] org.hibernate.SQL                        : select u1_0.id from users u1_0 where u1_0.email=? limit ?
2026-01-09T14:51:14.198+08:00 DEBUG 20344 --- [store] [http-nio-8080-exec-8] org.hibernate.SQL                        : insert into users (email,name,password,role) values (?,?,?,?)
2026-01-09T14:51:25.549+08:00 DEBUG 20344 --- [store] [http-nio-8080-exec-10] org.hibernate.SQL                        : select u1_0.id,u1_0.email,u1_0.name,u1_0.password,u1_0.role from users u1_0 where u1_0.email=?
2026-01-09T14:51:25.629+08:00 DEBUG 20344 --- [store] [http-nio-8080-exec-10] org.hibernate.SQL                        : select u1_0.id,u1_0.email,u1_0.name,u1_0.password,u1_0.role from users u1_0 where u1_0.email=?
2026-01-09T14:51:50.109+08:00 DEBUG 20344 --- [store] [http-nio-8080-exec-4] org.hibernate.SQL                        : select u1_0.id,u1_0.email,u1_0.name,u1_0.password,u1_0.role from users u1_0 where u1_0.id=?
2026-01-09T14:51:50.118+08:00 DEBUG 20344 --- [store] [http-nio-8080-exec-4] org.hibernate.SQL                        : select u1_0.id,u1_0.email,u1_0.name,u1_0.password,u1_0.role from users u1_0 where u1_0.id=?
2026-01-09T14:52:06.017+08:00 DEBUG 20344 --- [store] [http-nio-8080-exec-6] org.hibernate.SQL                        : select u1_0.id,u1_0.email,u1_0.name,u1_0.password,u1_0.role from users u1_0 where u1_0.id=?
2026-01-09T14:52:06.066+08:00 DEBUG 20344 --- [store] [http-nio-8080-exec-6] org.hibernate.SQL                        : update users set email=?,name=?,password=?,role=? where id=?
2026-01-09T14:52:25.421+08:00 DEBUG 20344 --- [store] [http-nio-8080-exec-8] org.hibernate.SQL                        : select c1_0.id,c1_0.date_created,i1_0.cart_id,i1_0.id,p1_0.id,p1_0.category_id,p1_0.description,p1_0.name,p1_0.price,i1_0.quantity from carts c1_0 left join cart_items i1_0 on c1_0.id=i1_0.cart_id left join products p1_0 on p1_0.id=i1_0.product_id where c1_0.id=?
2026-01-09T14:52:25.462+08:00 DEBUG 20344 --- [store] [http-nio-8080-exec-8] org.hibernate.SQL                        : select p1_0.id,c1_0.id,c1_0.name,p1_0.description,p1_0.name,p1_0.price from products p1_0 left join categories c1_0 on c1_0.id=p1_0.category_id where p1_0.id=?
2026-01-09T14:52:25.492+08:00 DEBUG 20344 --- [store] [http-nio-8080-exec-8] org.hibernate.SQL                        : insert into cart_items (cart_id,product_id,quantity) values (?,?,?)
2026-01-09T14:52:29.285+08:00 DEBUG 20344 --- [store] [http-nio-8080-exec-9] org.hibernate.SQL                        : select c1_0.id,c1_0.date_created,i1_0.cart_id,i1_0.id,p1_0.id,p1_0.category_id,p1_0.description,p1_0.name,p1_0.price,i1_0.quantity from carts c1_0 left join cart_items i1_0 on c1_0.id=i1_0.cart_id left join products p1_0 on p1_0.id=i1_0.product_id where c1_0.id=?
2026-01-09T14:52:44.883+08:00 DEBUG 20344 --- [store] [http-nio-8080-exec-1] org.hibernate.SQL                        : select c1_0.id,c1_0.date_created,i1_0.cart_id,i1_0.id,p1_0.id,p1_0.category_id,p1_0.description,p1_0.name,p1_0.price,i1_0.quantity from carts c1_0 left join cart_items i1_0 on c1_0.id=i1_0.cart_id left join products p1_0 on p1_0.id=i1_0.product_id where c1_0.id=?
2026-01-09T14:52:52.347+08:00 DEBUG 20344 --- [store] [http-nio-8080-exec-3] org.hibernate.SQL                        : select c1_0.id,c1_0.date_created,i1_0.cart_id,i1_0.id,p1_0.id,p1_0.category_id,p1_0.description,p1_0.name,p1_0.price,i1_0.quantity from carts c1_0 left join cart_items i1_0 on c1_0.id=i1_0.cart_id left join products p1_0 on p1_0.id=i1_0.product_id where c1_0.id=?
